08-Jul-24 09:42:09 - 

-------------NWEA_Map new instance log
08-Jul-24 09:42:09 - Directory 'downloads' already exists.
08-Jul-24 09:42:09 - ====== WebDriver manager ======
08-Jul-24 09:42:11 - Get LATEST chromedriver version for google-chrome
08-Jul-24 09:42:11 - Get LATEST chromedriver version for google-chrome
08-Jul-24 09:42:11 - Driver [C:\Users\samuel.taylor\.wdm\drivers\chromedriver\win64\126.0.6478.126\chromedriver-win32/chromedriver.exe] found in cache
08-Jul-24 09:51:17 - 

-------------NWEA_Map new instance log
08-Jul-24 09:51:17 - Directory 'downloads' already exists.
08-Jul-24 09:51:17 - ====== WebDriver manager ======
08-Jul-24 09:51:18 - Get LATEST chromedriver version for google-chrome
08-Jul-24 09:51:18 - Get LATEST chromedriver version for google-chrome
08-Jul-24 09:51:18 - Driver [C:\Users\samuel.taylor\.wdm\drivers\chromedriver\win64\126.0.6478.126\chromedriver-win32/chromedriver.exe] found in cache
08-Jul-24 09:55:20 - 

-------------NWEA_Map new instance log
08-Jul-24 09:55:20 - Directory 'downloads' already exists.
08-Jul-24 09:55:20 - ====== WebDriver manager ======
08-Jul-24 09:55:22 - Get LATEST chromedriver version for google-chrome
08-Jul-24 09:55:22 - Get LATEST chromedriver version for google-chrome
08-Jul-24 09:55:22 - Driver [C:\Users\samuel.taylor\.wdm\drivers\chromedriver\win64\126.0.6478.126\chromedriver-win32/chromedriver.exe] found in cache
08-Jul-24 09:57:48 - 

-------------NWEA_Map new instance log
08-Jul-24 09:57:48 - Directory 'downloads' already exists.
08-Jul-24 09:57:48 - ====== WebDriver manager ======
08-Jul-24 09:57:49 - Get LATEST chromedriver version for google-chrome
08-Jul-24 09:57:50 - Get LATEST chromedriver version for google-chrome
08-Jul-24 09:57:50 - Driver [C:\Users\samuel.taylor\.wdm\drivers\chromedriver\win64\126.0.6478.126\chromedriver-win32/chromedriver.exe] found in cache
08-Jul-24 09:59:43 - 

-------------NWEA_Map new instance log
08-Jul-24 09:59:43 - Directory 'downloads' already exists.
08-Jul-24 09:59:43 - ====== WebDriver manager ======
08-Jul-24 09:59:45 - Get LATEST chromedriver version for google-chrome
08-Jul-24 09:59:45 - Get LATEST chromedriver version for google-chrome
08-Jul-24 09:59:45 - Driver [C:\Users\samuel.taylor\.wdm\drivers\chromedriver\win64\126.0.6478.126\chromedriver-win32/chromedriver.exe] found in cache
08-Jul-24 09:59:48 - Pop up prevented the username send, refreshing page
08-Jul-24 10:39:18 - 

-------------NWEA_Map new instance log
08-Jul-24 10:39:18 - Directory 'downloads' already exists.
08-Jul-24 10:39:18 - ====== WebDriver manager ======
08-Jul-24 10:39:20 - Get LATEST chromedriver version for google-chrome
08-Jul-24 10:39:20 - Get LATEST chromedriver version for google-chrome
08-Jul-24 10:39:20 - Driver [C:\Users\samuel.taylor\.wdm\drivers\chromedriver\win64\126.0.6478.126\chromedriver-win32/chromedriver.exe] found in cache
08-Jul-24 10:39:24 - Pop up prevented the username send, refreshing page
08-Jul-24 10:45:40 - 

-------------NWEA_Map new instance log
08-Jul-24 10:45:40 - Directory 'downloads' already exists.
08-Jul-24 10:45:40 - ====== WebDriver manager ======
08-Jul-24 10:45:42 - Get LATEST chromedriver version for google-chrome
08-Jul-24 10:45:42 - Get LATEST chromedriver version for google-chrome
08-Jul-24 10:45:42 - Driver [C:\Users\samuel.taylor\.wdm\drivers\chromedriver\win64\126.0.6478.126\chromedriver-win32/chromedriver.exe] found in cache
08-Jul-24 10:45:45 - Pop up prevented the username send, refreshing page
08-Jul-24 10:46:45 - 

-------------NWEA_Map new instance log
08-Jul-24 10:46:45 - Directory 'downloads' already exists.
08-Jul-24 10:46:45 - ====== WebDriver manager ======
08-Jul-24 10:46:46 - Get LATEST chromedriver version for google-chrome
08-Jul-24 10:46:46 - Get LATEST chromedriver version for google-chrome
08-Jul-24 10:46:47 - Driver [C:\Users\samuel.taylor\.wdm\drivers\chromedriver\win64\126.0.6478.126\chromedriver-win32/chromedriver.exe] found in cache
08-Jul-24 10:46:50 - Pop up prevented the username send, refreshing page
08-Jul-24 10:53:05 - 

-------------NWEA_Map new instance log
08-Jul-24 10:53:05 - Directory 'downloads' already exists.
08-Jul-24 10:53:05 - ====== WebDriver manager ======
08-Jul-24 10:53:07 - Get LATEST chromedriver version for google-chrome
08-Jul-24 10:53:07 - Get LATEST chromedriver version for google-chrome
08-Jul-24 10:53:07 - Driver [C:\Users\samuel.taylor\.wdm\drivers\chromedriver\win64\126.0.6478.126\chromedriver-win32/chromedriver.exe] found in cache
08-Jul-24 10:53:10 - Pop up prevented the username send, refreshing page
08-Jul-24 10:58:28 - 

-------------NWEA_Map new instance log
08-Jul-24 10:58:28 - Directory 'downloads' already exists.
08-Jul-24 10:58:28 - ====== WebDriver manager ======
08-Jul-24 10:58:30 - Get LATEST chromedriver version for google-chrome
08-Jul-24 10:58:30 - Get LATEST chromedriver version for google-chrome
08-Jul-24 10:58:30 - Driver [C:\Users\samuel.taylor\.wdm\drivers\chromedriver\win64\126.0.6478.126\chromedriver-win32/chromedriver.exe] found in cache
08-Jul-24 10:59:49 - 

-------------NWEA_Map new instance log
08-Jul-24 10:59:49 - Directory 'downloads' already exists.
08-Jul-24 10:59:49 - ====== WebDriver manager ======
08-Jul-24 10:59:50 - Get LATEST chromedriver version for google-chrome
08-Jul-24 10:59:50 - Get LATEST chromedriver version for google-chrome
08-Jul-24 10:59:51 - Driver [C:\Users\samuel.taylor\.wdm\drivers\chromedriver\win64\126.0.6478.126\chromedriver-win32/chromedriver.exe] found in cache
08-Jul-24 10:59:54 - Pop up prevented the username send, refreshing page
08-Jul-24 11:12:10 - 

-------------NWEA_Map new instance log
08-Jul-24 11:12:10 - Directory 'downloads' already exists.
08-Jul-24 11:12:10 - ====== WebDriver manager ======
08-Jul-24 11:12:14 - Get LATEST chromedriver version for google-chrome
08-Jul-24 11:12:15 - Get LATEST chromedriver version for google-chrome
08-Jul-24 11:12:15 - Driver [C:\Users\samuel.taylor\.wdm\drivers\chromedriver\win64\126.0.6478.126\chromedriver-win32/chromedriver.exe] found in cache
08-Jul-24 11:12:22 - Pop up prevented the username send, refreshing page
08-Jul-24 11:12:23 - Unable to login
08-Jul-24 11:17:35 - 

-------------NWEA_Map new instance log
08-Jul-24 11:17:35 - Directory 'downloads' already exists.
08-Jul-24 11:17:35 - ====== WebDriver manager ======
08-Jul-24 11:17:40 - Get LATEST chromedriver version for google-chrome
08-Jul-24 11:17:40 - Get LATEST chromedriver version for google-chrome
08-Jul-24 11:17:40 - Driver [C:\Users\samuel.taylor\.wdm\drivers\chromedriver\win64\126.0.6478.126\chromedriver-win32/chromedriver.exe] found in cache
08-Jul-24 11:33:01 - Unable to unzip file due to error - unzip_xlsx_file() missing 1 required positional argument: 'files_dir'
08-Jul-24 13:02:59 - 

-------------NWEA_Map new instance log
08-Jul-24 13:02:59 - Directory 'downloads' already exists.
08-Jul-24 13:02:59 - ====== WebDriver manager ======
08-Jul-24 13:03:00 - Get LATEST chromedriver version for google-chrome
08-Jul-24 13:03:01 - Get LATEST chromedriver version for google-chrome
08-Jul-24 13:03:01 - Driver [C:\Users\samuel.taylor\.wdm\drivers\chromedriver\win64\126.0.6478.126\chromedriver-win32/chromedriver.exe] found in cache
08-Jul-24 13:10:30 - No .xlsx files found in 486992 (1).zip
08-Jul-24 13:10:30 - No .xlsx files found in 486992 (2).zip
08-Jul-24 13:10:30 - No .xlsx files found in 486992.zip
08-Jul-24 13:10:30 - Unzipped all files into c:\Users\samuel.taylor\OneDrive - Green Dot Public Schools\Desktop\Git_Directory\NWEA_Map\downloads
08-Jul-24 13:12:19 - Extracted all files from 486992 (1).zip
08-Jul-24 13:12:19 - Extracted all files from 486992 (2).zip
08-Jul-24 13:12:19 - Extracted all files from 486992.zip
08-Jul-24 13:12:19 - Unzipped all files into c:\Users\samuel.taylor\OneDrive - Green Dot Public Schools\Desktop\Git_Directory\NWEA_Map\downloads
08-Jul-24 13:12:53 - Extracted all files from 486992.zip
08-Jul-24 13:12:53 - Unzipped all files into c:\Users\samuel.taylor\OneDrive - Green Dot Public Schools\Desktop\Git_Directory\NWEA_Map\downloads
08-Jul-24 13:14:12 - 

-------------NWEA_Map new instance log
08-Jul-24 13:14:12 - Directory 'downloads' already exists.
08-Jul-24 13:14:12 - ====== WebDriver manager ======
08-Jul-24 13:14:14 - Get LATEST chromedriver version for google-chrome
08-Jul-24 13:14:14 - Get LATEST chromedriver version for google-chrome
08-Jul-24 13:14:14 - Driver [C:\Users\samuel.taylor\.wdm\drivers\chromedriver\win64\126.0.6478.126\chromedriver-win32/chromedriver.exe] found in cache
08-Jul-24 13:14:32 - Extracted all files from 486992.zip
08-Jul-24 13:14:32 - Unzipped all files into c:\Users\samuel.taylor\OneDrive - Green Dot Public Schools\Desktop\Git_Directory\NWEA_Map\downloads
08-Jul-24 13:14:55 - 

-------------NWEA_Map new instance log
08-Jul-24 13:14:55 - Directory 'downloads' already exists.
08-Jul-24 13:14:55 - ====== WebDriver manager ======
08-Jul-24 13:14:57 - Get LATEST chromedriver version for google-chrome
08-Jul-24 13:14:57 - Get LATEST chromedriver version for google-chrome
08-Jul-24 13:14:57 - Driver [C:\Users\samuel.taylor\.wdm\drivers\chromedriver\win64\126.0.6478.126\chromedriver-win32/chromedriver.exe] found in cache
08-Jul-24 13:15:14 - No .zip files found in the "downloads" directory.
08-Jul-24 13:16:20 - 

-------------NWEA_Map new instance log
08-Jul-24 13:16:20 - Directory 'downloads' already exists.
08-Jul-24 13:16:20 - ====== WebDriver manager ======
08-Jul-24 13:16:22 - Get LATEST chromedriver version for google-chrome
08-Jul-24 13:16:22 - Get LATEST chromedriver version for google-chrome
08-Jul-24 13:16:22 - Driver [C:\Users\samuel.taylor\.wdm\drivers\chromedriver\win64\126.0.6478.126\chromedriver-win32/chromedriver.exe] found in cache
08-Jul-24 13:16:37 - No .zip files found in the "downloads" directory.
08-Jul-24 13:16:56 - Extracted all files from 486992.zip
08-Jul-24 13:16:56 - Unzipped all files into c:\Users\samuel.taylor\OneDrive - Green Dot Public Schools\Desktop\Git_Directory\NWEA_Map\downloads
08-Jul-24 13:23:41 - 

-------------NWEA_Map new instance log
08-Jul-24 13:23:41 - Directory 'downloads' already exists.
08-Jul-24 13:23:41 - ====== WebDriver manager ======
08-Jul-24 13:23:43 - Get LATEST chromedriver version for google-chrome
08-Jul-24 13:23:43 - Get LATEST chromedriver version for google-chrome
08-Jul-24 13:23:43 - Driver [C:\Users\samuel.taylor\.wdm\drivers\chromedriver\win64\126.0.6478.126\chromedriver-win32/chromedriver.exe] found in cache
08-Jul-24 13:24:38 - 

-------------NWEA_Map new instance log
08-Jul-24 13:24:38 - Directory 'downloads' already exists.
08-Jul-24 13:24:38 - ====== WebDriver manager ======
08-Jul-24 13:24:40 - Get LATEST chromedriver version for google-chrome
08-Jul-24 13:24:40 - Get LATEST chromedriver version for google-chrome
08-Jul-24 13:24:40 - Driver [C:\Users\samuel.taylor\.wdm\drivers\chromedriver\win64\126.0.6478.126\chromedriver-win32/chromedriver.exe] found in cache
08-Jul-24 13:24:45 - Driver refreshed
08-Jul-24 13:35:02 - 

-------------NWEA_Map new instance log
08-Jul-24 13:35:02 - Directory 'downloads' already exists.
08-Jul-24 13:35:02 - ====== WebDriver manager ======
08-Jul-24 13:35:04 - Get LATEST chromedriver version for google-chrome
08-Jul-24 13:35:04 - Get LATEST chromedriver version for google-chrome
08-Jul-24 13:35:04 - Driver [C:\Users\samuel.taylor\.wdm\drivers\chromedriver\win64\126.0.6478.126\chromedriver-win32/chromedriver.exe] found in cache
08-Jul-24 13:35:27 - Extracted all files from 486992 (1).zip
08-Jul-24 13:35:27 - Extracted all files from 486992.zip
08-Jul-24 13:35:27 - Unzipped all files into c:\Users\samuel.taylor\OneDrive - Green Dot Public Schools\Desktop\Git_Directory\NWEA_Map\downloads
08-Jul-24 13:37:42 - 

-------------NWEA_Map new instance log
08-Jul-24 13:37:42 - Directory 'downloads' created successfully.
08-Jul-24 13:37:42 - ====== WebDriver manager ======
08-Jul-24 13:37:44 - Get LATEST chromedriver version for google-chrome
08-Jul-24 13:37:44 - Get LATEST chromedriver version for google-chrome
08-Jul-24 13:37:45 - Driver [C:\Users\samuel.taylor\.wdm\drivers\chromedriver\win64\126.0.6478.126\chromedriver-win32/chromedriver.exe] found in cache
08-Jul-24 13:38:11 - Extracted all files from 486992.zip
08-Jul-24 13:38:11 - Unzipped all files into c:\Users\samuel.taylor\OneDrive - Green Dot Public Schools\Desktop\Git_Directory\NWEA_Map\downloads
08-Jul-24 13:39:00 - 

-------------NWEA_Map new instance log
08-Jul-24 13:39:00 - Directory 'downloads' created successfully.
08-Jul-24 13:39:00 - ====== WebDriver manager ======
08-Jul-24 13:39:02 - Get LATEST chromedriver version for google-chrome
08-Jul-24 13:39:02 - Get LATEST chromedriver version for google-chrome
08-Jul-24 13:39:02 - Driver [C:\Users\samuel.taylor\.wdm\drivers\chromedriver\win64\126.0.6478.126\chromedriver-win32/chromedriver.exe] found in cache
08-Jul-24 13:39:27 - Extracted all files from 486992.zip
08-Jul-24 13:39:27 - Unzipped all files into c:\Users\samuel.taylor\OneDrive - Green Dot Public Schools\Desktop\Git_Directory\NWEA_Map\downloads
08-Jul-24 13:40:47 - 

-------------NWEA_Map new instance log
08-Jul-24 13:40:47 - Directory 'downloads' created successfully.
08-Jul-24 13:40:47 - ====== WebDriver manager ======
08-Jul-24 13:40:49 - Get LATEST chromedriver version for google-chrome
08-Jul-24 13:40:49 - Get LATEST chromedriver version for google-chrome
08-Jul-24 13:40:49 - Driver [C:\Users\samuel.taylor\.wdm\drivers\chromedriver\win64\126.0.6478.126\chromedriver-win32/chromedriver.exe] found in cache
08-Jul-24 13:41:17 - Extracted all files from 486992.zip
08-Jul-24 13:41:17 - Unzipped all files into c:\Users\samuel.taylor\OneDrive - Green Dot Public Schools\Desktop\Git_Directory\NWEA_Map\downloads
08-Jul-24 14:29:50 - 

-------------NWEA_Map new instance log
08-Jul-24 14:29:50 - Directory 'downloads' created successfully.
08-Jul-24 14:29:50 - ====== WebDriver manager ======
08-Jul-24 14:29:55 - Get LATEST chromedriver version for google-chrome
08-Jul-24 14:29:55 - Get LATEST chromedriver version for google-chrome
08-Jul-24 14:29:55 - There is no [win64] chromedriver "126.0.6478.126" for browser google-chrome "126.0.6478" in cache
08-Jul-24 14:29:55 - Get LATEST chromedriver version for google-chrome
08-Jul-24 14:29:55 - WebDriver version 126.0.6478.126 selected
08-Jul-24 14:29:55 - Modern chrome version https://storage.googleapis.com/chrome-for-testing-public/126.0.6478.126/win32/chromedriver-win32.zip
08-Jul-24 14:29:55 - About to download new driver from https://storage.googleapis.com/chrome-for-testing-public/126.0.6478.126/win32/chromedriver-win32.zip
08-Jul-24 14:29:55 - Driver downloading response is 200
08-Jul-24 14:29:55 - Get LATEST chromedriver version for google-chrome
08-Jul-24 14:29:56 - Driver has been saved in cache [C:\Users\psadmin\.wdm\drivers\chromedriver\win64\126.0.6478.126]
08-Jul-24 14:30:18 - Extracted all files from 486992.zip
08-Jul-24 14:30:18 - Unzipped all files into c:\Users\psadmin\Desktop\DW\NWEA\downloads
08-Jul-24 14:48:16 - 

-------------NWEA_Map new instance log
08-Jul-24 14:48:16 - Directory 'downloads' created successfully.
08-Jul-24 14:48:16 - ====== WebDriver manager ======
08-Jul-24 14:48:18 - Get LATEST chromedriver version for google-chrome
08-Jul-24 14:48:18 - Get LATEST chromedriver version for google-chrome
08-Jul-24 14:48:18 - Driver [C:\Users\psadmin\.wdm\drivers\chromedriver\win64\126.0.6478.126\chromedriver-win32/chromedriver.exe] found in cache
08-Jul-24 14:48:27 - Driver refreshed
08-Jul-24 14:50:41 - 

-------------NWEA_Map new instance log
08-Jul-24 14:50:41 - Directory 'downloads' created successfully.
08-Jul-24 14:50:41 - ====== WebDriver manager ======
08-Jul-24 14:50:42 - Get LATEST chromedriver version for google-chrome
08-Jul-24 14:50:42 - Get LATEST chromedriver version for google-chrome
08-Jul-24 14:50:42 - Driver [C:\Users\psadmin\.wdm\drivers\chromedriver\win64\126.0.6478.126\chromedriver-win32/chromedriver.exe] found in cache
08-Jul-24 14:51:03 - Extracted all files from 486992.zip
08-Jul-24 14:51:03 - Unzipped all files into C:\Users\psadmin\Desktop\DW\NWEA\downloads
08-Jul-24 14:51:37 - 

-------------NWEA_Map new instance log
08-Jul-24 14:51:37 - Directory 'downloads' created successfully.
08-Jul-24 14:51:37 - ====== WebDriver manager ======
08-Jul-24 14:51:39 - Get LATEST chromedriver version for google-chrome
08-Jul-24 14:51:39 - Get LATEST chromedriver version for google-chrome
08-Jul-24 14:51:39 - Driver [C:\Users\psadmin\.wdm\drivers\chromedriver\win64\126.0.6478.126\chromedriver-win32/chromedriver.exe] found in cache
08-Jul-24 14:52:02 - Extracted all files from 486992.zip
08-Jul-24 14:52:02 - Unzipped all files into C:\Users\psadmin\Desktop\DW\NWEA\downloads
08-Jul-24 14:53:41 - 

-------------NWEA_Map new instance log
08-Jul-24 14:53:41 - Directory 'downloads' created successfully.
08-Jul-24 14:53:41 - ====== WebDriver manager ======
08-Jul-24 14:53:43 - Get LATEST chromedriver version for google-chrome
08-Jul-24 14:53:43 - Get LATEST chromedriver version for google-chrome
08-Jul-24 14:53:43 - Driver [C:\Users\psadmin\.wdm\drivers\chromedriver\win64\126.0.6478.126\chromedriver-win32/chromedriver.exe] found in cache
08-Jul-24 14:54:06 - Extracted all files from 486992.zip
08-Jul-24 14:54:06 - Unzipped all files into C:\Users\psadmin\Desktop\DW\NWEA\downloads
10-Jul-24 09:41:34 - 

-------------NWEA_Map new instance log
10-Jul-24 09:41:34 - Directory 'downloads' created successfully.
10-Jul-24 09:41:34 - ====== WebDriver manager ======
10-Jul-24 09:41:36 - Get LATEST chromedriver version for google-chrome
10-Jul-24 09:41:36 - Get LATEST chromedriver version for google-chrome
10-Jul-24 09:41:36 - Get LATEST chromedriver version for google-chrome
10-Jul-24 09:41:36 - WebDriver version 126.0.6478.126 selected
10-Jul-24 09:41:36 - Modern chrome version https://storage.googleapis.com/chrome-for-testing-public/126.0.6478.126/win32/chromedriver-win32.zip
10-Jul-24 09:41:36 - About to download new driver from https://storage.googleapis.com/chrome-for-testing-public/126.0.6478.126/win32/chromedriver-win32.zip
10-Jul-24 09:41:36 - Driver downloading response is 200
10-Jul-24 09:41:36 - Get LATEST chromedriver version for google-chrome
10-Jul-24 09:41:37 - Driver has been saved in cache [C:\Users\psadmin\.wdm\drivers\chromedriver\win64\126.0.6478.126]
10-Jul-24 09:42:00 - Extracted all files from 486992.zip
10-Jul-24 09:42:00 - Unzipped all files into C:\Users\psadmin\Desktop\DW\NWEA\downloads
10-Jul-24 09:43:26 - 

-------------NWEA_Map new instance log
10-Jul-24 09:43:26 - Directory 'downloads' created successfully.
10-Jul-24 09:43:26 - ====== WebDriver manager ======
10-Jul-24 09:43:27 - Get LATEST chromedriver version for google-chrome
10-Jul-24 09:43:27 - Get LATEST chromedriver version for google-chrome
10-Jul-24 09:43:27 - Driver [C:\Users\psadmin\.wdm\drivers\chromedriver\win64\126.0.6478.126\chromedriver-win32/chromedriver.exe] found in cache
10-Jul-24 09:43:50 - Extracted all files from 486992.zip
10-Jul-24 09:43:50 - Unzipped all files into C:\Users\psadmin\Desktop\DW\NWEA\downloads
10-Jul-24 09:46:21 - 

-------------NWEA_Map new instance log
10-Jul-24 09:46:21 - Directory 'downloads' created successfully.
10-Jul-24 09:46:21 - ====== WebDriver manager ======
10-Jul-24 09:46:22 - Get LATEST chromedriver version for google-chrome
10-Jul-24 09:46:22 - Get LATEST chromedriver version for google-chrome
10-Jul-24 09:46:22 - Driver [C:\Users\psadmin\.wdm\drivers\chromedriver\win64\126.0.6478.126\chromedriver-win32/chromedriver.exe] found in cache
10-Jul-24 09:46:44 - Extracted all files from 486992.zip
10-Jul-24 09:46:44 - Unzipped all files into C:\Users\psadmin\Desktop\DW\NWEA\downloads
10-Jul-24 09:47:07 - 

-------------NWEA_Map new instance log
10-Jul-24 09:47:07 - Directory 'downloads' created successfully.
10-Jul-24 09:47:07 - ====== WebDriver manager ======
10-Jul-24 09:47:08 - Get LATEST chromedriver version for google-chrome
10-Jul-24 09:47:08 - Get LATEST chromedriver version for google-chrome
10-Jul-24 09:47:08 - Driver [C:\Users\psadmin\.wdm\drivers\chromedriver\win64\126.0.6478.126\chromedriver-win32/chromedriver.exe] found in cache
10-Jul-24 09:47:31 - Extracted all files from 486992.zip
10-Jul-24 09:47:31 - Unzipped all files into C:\Users\psadmin\Desktop\DW\NWEA\downloads
10-Jul-24 09:47:33 - Browser closed.
10-Jul-24 09:47:33 - Script exiting.
10-Jul-24 09:50:26 - 

-------------NWEA_Map new instance log
10-Jul-24 09:50:26 - Directory 'downloads' created successfully.
10-Jul-24 09:50:26 - ====== WebDriver manager ======
10-Jul-24 09:50:28 - Get LATEST chromedriver version for google-chrome
10-Jul-24 09:50:28 - Get LATEST chromedriver version for google-chrome
10-Jul-24 09:50:28 - Driver [C:\Users\psadmin\.wdm\drivers\chromedriver\win64\126.0.6478.126\chromedriver-win32/chromedriver.exe] found in cache
10-Jul-24 09:50:49 - Extracted all files from 486992.zip
10-Jul-24 09:50:49 - Unzipped all files into C:\Users\psadmin\Desktop\DW\NWEA\downloads
10-Jul-24 09:50:52 - Browser closed.
10-Jul-24 09:50:52 - Script exiting.
13-Jul-24 05:00:02 - 

-------------NWEA_Map new instance log
13-Jul-24 05:00:02 - Directory 'downloads' created successfully.
13-Jul-24 05:00:02 - ====== WebDriver manager ======
13-Jul-24 05:00:05 - Get LATEST chromedriver version for google-chrome
13-Jul-24 05:00:05 - Get LATEST chromedriver version for google-chrome
13-Jul-24 05:00:05 - Get LATEST chromedriver version for google-chrome
13-Jul-24 05:00:05 - WebDriver version 126.0.6478.126 selected
13-Jul-24 05:00:05 - Modern chrome version https://storage.googleapis.com/chrome-for-testing-public/126.0.6478.126/win32/chromedriver-win32.zip
13-Jul-24 05:00:05 - About to download new driver from https://storage.googleapis.com/chrome-for-testing-public/126.0.6478.126/win32/chromedriver-win32.zip
13-Jul-24 05:00:05 - Driver downloading response is 200
13-Jul-24 05:00:05 - Get LATEST chromedriver version for google-chrome
13-Jul-24 05:00:05 - Driver has been saved in cache [C:\Users\psadmin\.wdm\drivers\chromedriver\win64\126.0.6478.126]
13-Jul-24 05:00:35 - Extracted all files from 486992.zip
13-Jul-24 05:00:35 - Unzipped all files into C:\Users\psadmin\Desktop\DW\NWEA\downloads
13-Jul-24 05:00:37 - Browser closed.
13-Jul-24 05:00:37 - Script exiting.
14-Jul-24 05:00:00 - 

-------------NWEA_Map new instance log
14-Jul-24 05:00:00 - Directory 'downloads' created successfully.
14-Jul-24 05:00:00 - ====== WebDriver manager ======
14-Jul-24 05:00:03 - Get LATEST chromedriver version for google-chrome
14-Jul-24 05:00:03 - Get LATEST chromedriver version for google-chrome
14-Jul-24 05:00:03 - Get LATEST chromedriver version for google-chrome
14-Jul-24 05:00:03 - WebDriver version 126.0.6478.126 selected
14-Jul-24 05:00:03 - Modern chrome version https://storage.googleapis.com/chrome-for-testing-public/126.0.6478.126/win32/chromedriver-win32.zip
14-Jul-24 05:00:03 - About to download new driver from https://storage.googleapis.com/chrome-for-testing-public/126.0.6478.126/win32/chromedriver-win32.zip
14-Jul-24 05:00:03 - Driver downloading response is 200
14-Jul-24 05:00:03 - Get LATEST chromedriver version for google-chrome
14-Jul-24 05:00:04 - Driver has been saved in cache [C:\Users\psadmin\.wdm\drivers\chromedriver\win64\126.0.6478.126]
14-Jul-24 05:00:33 - Extracted all files from 486992.zip
14-Jul-24 05:00:33 - Unzipped all files into C:\Users\psadmin\Desktop\DW\NWEA\downloads
14-Jul-24 05:00:35 - Browser closed.
14-Jul-24 05:00:35 - Script exiting.
15-Jul-24 05:00:00 - 

-------------NWEA_Map new instance log
15-Jul-24 05:00:00 - Directory 'downloads' created successfully.
15-Jul-24 05:00:00 - ====== WebDriver manager ======
15-Jul-24 05:00:03 - Get LATEST chromedriver version for google-chrome
15-Jul-24 05:00:03 - Get LATEST chromedriver version for google-chrome
15-Jul-24 05:00:03 - Get LATEST chromedriver version for google-chrome
15-Jul-24 05:00:03 - WebDriver version 126.0.6478.126 selected
15-Jul-24 05:00:03 - Modern chrome version https://storage.googleapis.com/chrome-for-testing-public/126.0.6478.126/win32/chromedriver-win32.zip
15-Jul-24 05:00:03 - About to download new driver from https://storage.googleapis.com/chrome-for-testing-public/126.0.6478.126/win32/chromedriver-win32.zip
15-Jul-24 05:00:03 - Driver downloading response is 200
15-Jul-24 05:00:04 - Get LATEST chromedriver version for google-chrome
15-Jul-24 05:00:04 - Driver has been saved in cache [C:\Users\psadmin\.wdm\drivers\chromedriver\win64\126.0.6478.126]
15-Jul-24 05:00:32 - Extracted all files from 486992.zip
15-Jul-24 05:00:32 - Unzipped all files into C:\Users\psadmin\Desktop\DW\NWEA\downloads
15-Jul-24 05:00:35 - Browser closed.
15-Jul-24 05:00:35 - Script exiting.
17-Jul-24 05:00:00 - 

-------------NWEA_Map new instance log
17-Jul-24 05:00:00 - Directory 'downloads' created successfully.
17-Jul-24 05:00:00 - ====== WebDriver manager ======
17-Jul-24 05:00:03 - Get LATEST chromedriver version for google-chrome
17-Jul-24 05:00:03 - Get LATEST chromedriver version for google-chrome
17-Jul-24 05:00:03 - There is no [win64] chromedriver "126.0.6478.182" for browser google-chrome "126.0.6478" in cache
17-Jul-24 05:00:03 - Get LATEST chromedriver version for google-chrome
17-Jul-24 05:00:03 - WebDriver version 126.0.6478.182 selected
17-Jul-24 05:00:03 - Modern chrome version https://storage.googleapis.com/chrome-for-testing-public/126.0.6478.182/win32/chromedriver-win32.zip
17-Jul-24 05:00:03 - About to download new driver from https://storage.googleapis.com/chrome-for-testing-public/126.0.6478.182/win32/chromedriver-win32.zip
17-Jul-24 05:00:03 - Driver downloading response is 200
17-Jul-24 05:00:03 - Get LATEST chromedriver version for google-chrome
17-Jul-24 05:00:03 - Driver has been saved in cache [C:\Users\psadmin\.wdm\drivers\chromedriver\win64\126.0.6478.182]
17-Jul-24 05:00:11 - Driver refreshed
17-Jul-24 05:00:12 - Unable to login
18-Jul-24 05:00:00 - 

-------------NWEA_Map new instance log
18-Jul-24 05:00:00 - Directory 'downloads' already exists.
18-Jul-24 05:00:00 - ====== WebDriver manager ======
18-Jul-24 05:00:03 - Get LATEST chromedriver version for google-chrome
18-Jul-24 05:00:03 - Get LATEST chromedriver version for google-chrome
18-Jul-24 05:00:03 - Get LATEST chromedriver version for google-chrome
18-Jul-24 05:00:03 - WebDriver version 126.0.6478.182 selected
18-Jul-24 05:00:03 - Modern chrome version https://storage.googleapis.com/chrome-for-testing-public/126.0.6478.182/win32/chromedriver-win32.zip
18-Jul-24 05:00:03 - About to download new driver from https://storage.googleapis.com/chrome-for-testing-public/126.0.6478.182/win32/chromedriver-win32.zip
18-Jul-24 05:00:03 - Driver downloading response is 200
18-Jul-24 05:00:03 - Get LATEST chromedriver version for google-chrome
18-Jul-24 05:00:03 - Driver has been saved in cache [C:\Users\psadmin\.wdm\drivers\chromedriver\win64\126.0.6478.182]
18-Jul-24 05:00:13 - Driver refreshed
18-Jul-24 05:00:13 - Unable to login
18-Jul-24 15:43:07 - 

-------------NWEA_Map new instance log
18-Jul-24 15:57:38 - 

-------------NWEA_Map new instance log
18-Jul-24 15:58:40 - 

-------------NWEA_Map new instance log
18-Jul-24 15:58:40 - Unable to remove downloads folder, it does not exist
18-Jul-24 15:58:40 - Directory 'downloads' created successfully.
18-Jul-24 15:58:40 - ====== WebDriver manager ======
18-Jul-24 15:58:41 - Get LATEST chromedriver version for google-chrome
18-Jul-24 15:58:42 - Get LATEST chromedriver version for google-chrome
18-Jul-24 15:58:42 - Driver [C:\Users\psadmin\.wdm\drivers\chromedriver\win64\126.0.6478.182\chromedriver-win32/chromedriver.exe] found in cache
18-Jul-24 15:58:46 - Driver refreshed
18-Jul-24 15:58:46 - Unable to login
18-Jul-24 16:00:02 - 

-------------NWEA_Map new instance log
18-Jul-24 16:00:02 - Removing downloads folder
18-Jul-24 16:00:02 - Directory 'downloads' created successfully.
18-Jul-24 16:00:02 - ====== WebDriver manager ======
18-Jul-24 16:00:04 - Get LATEST chromedriver version for google-chrome
18-Jul-24 16:00:04 - Get LATEST chromedriver version for google-chrome
18-Jul-24 16:00:04 - Driver [C:\Users\psadmin\.wdm\drivers\chromedriver\win64\126.0.6478.182\chromedriver-win32/chromedriver.exe] found in cache
18-Jul-24 16:00:07 - Driver refreshed
18-Jul-24 16:00:08 - Unable to login
18-Jul-24 16:01:28 - 

-------------NWEA_Map new instance log
18-Jul-24 16:01:28 - Removing downloads folder
18-Jul-24 16:01:28 - Directory 'downloads' created successfully.
18-Jul-24 16:01:28 - ====== WebDriver manager ======
18-Jul-24 16:01:30 - Get LATEST chromedriver version for google-chrome
18-Jul-24 16:01:30 - Get LATEST chromedriver version for google-chrome
18-Jul-24 16:01:30 - Driver [C:\Users\psadmin\.wdm\drivers\chromedriver\win64\126.0.6478.182\chromedriver-win32/chromedriver.exe] found in cache
18-Jul-24 16:01:33 - Driver refreshed
18-Jul-24 16:01:34 - Unable to login
18-Jul-24 16:02:01 - 

-------------NWEA_Map new instance log
18-Jul-24 16:02:03 - Removing downloads folder
18-Jul-24 16:02:07 - Directory 'downloads' created successfully.
18-Jul-24 16:02:12 - ====== WebDriver manager ======
18-Jul-24 16:02:14 - Get LATEST chromedriver version for google-chrome
18-Jul-24 16:02:14 - Get LATEST chromedriver version for google-chrome
18-Jul-24 16:02:14 - Driver [C:\Users\psadmin\.wdm\drivers\chromedriver\win64\126.0.6478.182\chromedriver-win32/chromedriver.exe] found in cache
18-Jul-24 16:02:55 - Driver refreshed
18-Jul-24 16:04:17 - 

-------------NWEA_Map new instance log
18-Jul-24 16:04:17 - Removing downloads folder
18-Jul-24 16:04:17 - Directory 'downloads' created successfully.
18-Jul-24 16:04:17 - ====== WebDriver manager ======
18-Jul-24 16:04:19 - Get LATEST chromedriver version for google-chrome
18-Jul-24 16:04:19 - Get LATEST chromedriver version for google-chrome
18-Jul-24 16:04:19 - Driver [C:\Users\psadmin\.wdm\drivers\chromedriver\win64\126.0.6478.182\chromedriver-win32/chromedriver.exe] found in cache
18-Jul-24 16:04:40 - Bypassing pop up on login page
18-Jul-24 16:05:09 - Extracted all files from 486992.zip
18-Jul-24 16:05:09 - Unzipped all files into C:\Users\psadmin\Desktop\DW\NWEA\downloads
18-Jul-24 16:05:11 - Browser closed.
18-Jul-24 16:05:11 - Script exiting.
